*** Starting uWSGI 1.1.2 (64bit) on [Mon Aug 20 13:52:45 2012] ***
compiled with version: 4.4.5 on 29 March 2012 23:42:00
current working directory: /
detected binary path: /usr/local/bin/uwsgi
*** WARNING: you are running uWSGI without its master process manager ***
your memory page size is 4096 bytes
detected max file descriptor number: 1024
lock engine: pthread mutexes
uwsgi socket 0 bound to UNIX address /home/igor/.virtualenvs/lookco/lookco/lookco.sock fd 3
Python version: 2.6.6 (r266:84292, Dec 26 2010, 22:48:11)  [GCC 4.4.5]
Python main interpreter initialized at 0x1dba000
your server socket listen backlog is limited to 100 connections
*** Operational MODE: single process ***
*** no app loaded. going in full dynamic mode ***
*** uWSGI is running in multiple interpreter mode ***
spawned uWSGI worker 1 (and the only) (pid: 5343, cores: 1)
*** Starting uWSGI 1.1.2 (64bit) on [Mon Aug 20 14:09:03 2012] ***
compiled with version: 4.4.5 on 29 March 2012 23:42:00
current working directory: /
detected binary path: /usr/local/bin/uwsgi
*** WARNING: you are running uWSGI without its master process manager ***
your memory page size is 4096 bytes
detected max file descriptor number: 1024
lock engine: pthread mutexes
unlink(): Permission denied [socket.c line 75]
bind(): Address already in use [socket.c line 107]
*** Starting uWSGI 1.1.2 (64bit) on [Mon Aug 20 14:09:05 2012] ***
compiled with version: 4.4.5 on 29 March 2012 23:42:00
current working directory: /
detected binary path: /usr/local/bin/uwsgi
*** WARNING: you are running uWSGI without its master process manager ***
your memory page size is 4096 bytes
detected max file descriptor number: 1024
lock engine: pthread mutexes
unlink(): Permission denied [socket.c line 75]
bind(): Address already in use [socket.c line 107]
*** Starting uWSGI 1.1.2 (64bit) on [Mon Aug 20 14:09:07 2012] ***
compiled with version: 4.4.5 on 29 March 2012 23:42:00
current working directory: /
detected binary path: /usr/local/bin/uwsgi
*** WARNING: you are running uWSGI without its master process manager ***
your memory page size is 4096 bytes
detected max file descriptor number: 1024
lock engine: pthread mutexes
unlink(): Permission denied [socket.c line 75]
bind(): Address already in use [socket.c line 107]
*** Starting uWSGI 1.1.2 (64bit) on [Mon Aug 20 14:09:10 2012] ***
compiled with version: 4.4.5 on 29 March 2012 23:42:00
current working directory: /
detected binary path: /usr/local/bin/uwsgi
*** WARNING: you are running uWSGI without its master process manager ***
your memory page size is 4096 bytes
detected max file descriptor number: 1024
lock engine: pthread mutexes
unlink(): Permission denied [socket.c line 75]
bind(): Address already in use [socket.c line 107]
*** Starting uWSGI 1.1.2 (64bit) on [Mon Feb 25 21:32:37 2013] ***
compiled with version: 4.4.5 on 29 March 2012 23:42:00
current working directory: /
detected binary path: /usr/local/bin/uwsgi
*** WARNING: you are running uWSGI without its master process manager ***
your memory page size is 4096 bytes
detected max file descriptor number: 1024
lock engine: pthread mutexes
unlink(): Permission denied [socket.c line 75]
bind(): Address already in use [socket.c line 107]
*** Starting uWSGI 1.1.2 (64bit) on [Mon Feb 25 21:32:39 2013] ***
compiled with version: 4.4.5 on 29 March 2012 23:42:00
current working directory: /
detected binary path: /usr/local/bin/uwsgi
*** WARNING: you are running uWSGI without its master process manager ***
your memory page size is 4096 bytes
detected max file descriptor number: 1024
lock engine: pthread mutexes
unlink(): Permission denied [socket.c line 75]
bind(): Address already in use [socket.c line 107]
*** Starting uWSGI 1.1.2 (64bit) on [Mon Feb 25 21:32:41 2013] ***
compiled with version: 4.4.5 on 29 March 2012 23:42:00
current working directory: /
detected binary path: /usr/local/bin/uwsgi
*** WARNING: you are running uWSGI without its master process manager ***
your memory page size is 4096 bytes
detected max file descriptor number: 1024
lock engine: pthread mutexes
unlink(): Permission denied [socket.c line 75]
bind(): Address already in use [socket.c line 107]
*** Starting uWSGI 1.1.2 (64bit) on [Mon Feb 25 21:32:45 2013] ***
compiled with version: 4.4.5 on 29 March 2012 23:42:00
current working directory: /
detected binary path: /usr/local/bin/uwsgi
*** WARNING: you are running uWSGI without its master process manager ***
your memory page size is 4096 bytes
detected max file descriptor number: 1024
lock engine: pthread mutexes
unlink(): Permission denied [socket.c line 75]
bind(): Address already in use [socket.c line 107]
*** Starting uWSGI 1.1.2 (64bit) on [Mon Feb 25 21:45:18 2013] ***
compiled with version: 4.4.5 on 29 March 2012 23:42:00
current working directory: /
detected binary path: /usr/local/bin/uwsgi
*** WARNING: you are running uWSGI without its master process manager ***
your memory page size is 4096 bytes
detected max file descriptor number: 1024
lock engine: pthread mutexes
unlink(): Permission denied [socket.c line 75]
bind(): Address already in use [socket.c line 107]
*** Starting uWSGI 1.1.2 (64bit) on [Mon Feb 25 21:45:20 2013] ***
compiled with version: 4.4.5 on 29 March 2012 23:42:00
current working directory: /
detected binary path: /usr/local/bin/uwsgi
*** WARNING: you are running uWSGI without its master process manager ***
your memory page size is 4096 bytes
detected max file descriptor number: 1024
lock engine: pthread mutexes
unlink(): Permission denied [socket.c line 75]
bind(): Address already in use [socket.c line 107]
*** Starting uWSGI 1.1.2 (64bit) on [Mon Feb 25 21:45:22 2013] ***
compiled with version: 4.4.5 on 29 March 2012 23:42:00
current working directory: /
detected binary path: /usr/local/bin/uwsgi
*** WARNING: you are running uWSGI without its master process manager ***
your memory page size is 4096 bytes
detected max file descriptor number: 1024
lock engine: pthread mutexes
unlink(): Permission denied [socket.c line 75]
bind(): Address already in use [socket.c line 107]
*** Starting uWSGI 1.1.2 (64bit) on [Mon Feb 25 21:45:25 2013] ***
compiled with version: 4.4.5 on 29 March 2012 23:42:00
current working directory: /
detected binary path: /usr/local/bin/uwsgi
*** WARNING: you are running uWSGI without its master process manager ***
your memory page size is 4096 bytes
detected max file descriptor number: 1024
lock engine: pthread mutexes
unlink(): Permission denied [socket.c line 75]
bind(): Address already in use [socket.c line 107]
*** Starting uWSGI 1.1.2 (64bit) on [Mon Feb 25 21:49:37 2013] ***
compiled with version: 4.4.5 on 29 March 2012 23:42:00
current working directory: /
detected binary path: /usr/local/bin/uwsgi
*** WARNING: you are running uWSGI without its master process manager ***
your memory page size is 4096 bytes
detected max file descriptor number: 1024
lock engine: pthread mutexes
unlink(): Permission denied [socket.c line 75]
bind(): Address already in use [socket.c line 107]
*** Starting uWSGI 1.1.2 (64bit) on [Mon Feb 25 21:49:38 2013] ***
compiled with version: 4.4.5 on 29 March 2012 23:42:00
current working directory: /
detected binary path: /usr/local/bin/uwsgi
*** WARNING: you are running uWSGI without its master process manager ***
your memory page size is 4096 bytes
detected max file descriptor number: 1024
lock engine: pthread mutexes
unlink(): Permission denied [socket.c line 75]
bind(): Address already in use [socket.c line 107]
*** Starting uWSGI 1.1.2 (64bit) on [Mon Feb 25 21:49:40 2013] ***
compiled with version: 4.4.5 on 29 March 2012 23:42:00
current working directory: /
detected binary path: /usr/local/bin/uwsgi
*** WARNING: you are running uWSGI without its master process manager ***
your memory page size is 4096 bytes
detected max file descriptor number: 1024
lock engine: pthread mutexes
unlink(): Permission denied [socket.c line 75]
bind(): Address already in use [socket.c line 107]
*** Starting uWSGI 1.1.2 (64bit) on [Mon Feb 25 21:49:43 2013] ***
compiled with version: 4.4.5 on 29 March 2012 23:42:00
current working directory: /
detected binary path: /usr/local/bin/uwsgi
*** WARNING: you are running uWSGI without its master process manager ***
your memory page size is 4096 bytes
detected max file descriptor number: 1024
lock engine: pthread mutexes
unlink(): Permission denied [socket.c line 75]
bind(): Address already in use [socket.c line 107]
*** Starting uWSGI 1.1.2 (64bit) on [Mon Feb 25 21:53:33 2013] ***
compiled with version: 4.4.5 on 29 March 2012 23:42:00
current working directory: /
detected binary path: /usr/local/bin/uwsgi
*** WARNING: you are running uWSGI without its master process manager ***
your memory page size is 4096 bytes
detected max file descriptor number: 1024
lock engine: pthread mutexes
unlink(): Permission denied [socket.c line 75]
bind(): Address already in use [socket.c line 107]
*** Starting uWSGI 1.1.2 (64bit) on [Mon Feb 25 21:53:34 2013] ***
compiled with version: 4.4.5 on 29 March 2012 23:42:00
current working directory: /
detected binary path: /usr/local/bin/uwsgi
*** WARNING: you are running uWSGI without its master process manager ***
your memory page size is 4096 bytes
detected max file descriptor number: 1024
lock engine: pthread mutexes
unlink(): Permission denied [socket.c line 75]
bind(): Address already in use [socket.c line 107]
*** Starting uWSGI 1.1.2 (64bit) on [Mon Feb 25 21:53:36 2013] ***
compiled with version: 4.4.5 on 29 March 2012 23:42:00
current working directory: /
detected binary path: /usr/local/bin/uwsgi
*** WARNING: you are running uWSGI without its master process manager ***
your memory page size is 4096 bytes
detected max file descriptor number: 1024
lock engine: pthread mutexes
unlink(): Permission denied [socket.c line 75]
bind(): Address already in use [socket.c line 107]
*** Starting uWSGI 1.1.2 (64bit) on [Mon Feb 25 21:53:40 2013] ***
compiled with version: 4.4.5 on 29 March 2012 23:42:00
current working directory: /
detected binary path: /usr/local/bin/uwsgi
*** WARNING: you are running uWSGI without its master process manager ***
your memory page size is 4096 bytes
detected max file descriptor number: 1024
lock engine: pthread mutexes
unlink(): Permission denied [socket.c line 75]
bind(): Address already in use [socket.c line 107]
*** Starting uWSGI 1.1.2 (64bit) on [Thu Apr 11 21:14:48 2013] ***
compiled with version: 4.4.5 on 29 March 2012 23:42:00
current working directory: /
detected binary path: /usr/local/bin/uwsgi
*** WARNING: you are running uWSGI without its master process manager ***
your memory page size is 4096 bytes
detected max file descriptor number: 1024
lock engine: pthread mutexes
unlink(): Permission denied [socket.c line 75]
bind(): Address already in use [socket.c line 107]
*** Starting uWSGI 1.1.2 (64bit) on [Thu Apr 11 21:14:49 2013] ***
compiled with version: 4.4.5 on 29 March 2012 23:42:00
current working directory: /
detected binary path: /usr/local/bin/uwsgi
*** WARNING: you are running uWSGI without its master process manager ***
your memory page size is 4096 bytes
detected max file descriptor number: 1024
lock engine: pthread mutexes
unlink(): Permission denied [socket.c line 75]
bind(): Address already in use [socket.c line 107]
*** Starting uWSGI 1.1.2 (64bit) on [Thu Apr 11 21:14:51 2013] ***
compiled with version: 4.4.5 on 29 March 2012 23:42:00
current working directory: /
detected binary path: /usr/local/bin/uwsgi
*** WARNING: you are running uWSGI without its master process manager ***
your memory page size is 4096 bytes
detected max file descriptor number: 1024
lock engine: pthread mutexes
unlink(): Permission denied [socket.c line 75]
bind(): Address already in use [socket.c line 107]
*** Starting uWSGI 1.1.2 (64bit) on [Thu Apr 11 21:14:55 2013] ***
compiled with version: 4.4.5 on 29 March 2012 23:42:00
current working directory: /
detected binary path: /usr/local/bin/uwsgi
*** WARNING: you are running uWSGI without its master process manager ***
your memory page size is 4096 bytes
detected max file descriptor number: 1024
lock engine: pthread mutexes
unlink(): Permission denied [socket.c line 75]
bind(): Address already in use [socket.c line 107]
*** Starting uWSGI 1.1.2 (64bit) on [Wed Apr 17 07:01:09 2013] ***
compiled with version: 4.4.5 on 29 March 2012 23:42:00
current working directory: /
detected binary path: /usr/local/bin/uwsgi
*** WARNING: you are running uWSGI without its master process manager ***
your memory page size is 4096 bytes
detected max file descriptor number: 1024
lock engine: pthread mutexes
unlink(): Permission denied [socket.c line 75]
bind(): Address already in use [socket.c line 107]
*** Starting uWSGI 1.1.2 (64bit) on [Wed Apr 17 07:01:11 2013] ***
compiled with version: 4.4.5 on 29 March 2012 23:42:00
current working directory: /
detected binary path: /usr/local/bin/uwsgi
*** WARNING: you are running uWSGI without its master process manager ***
your memory page size is 4096 bytes
detected max file descriptor number: 1024
lock engine: pthread mutexes
unlink(): Permission denied [socket.c line 75]
bind(): Address already in use [socket.c line 107]
*** Starting uWSGI 1.1.2 (64bit) on [Wed Apr 17 07:01:14 2013] ***
compiled with version: 4.4.5 on 29 March 2012 23:42:00
current working directory: /
detected binary path: /usr/local/bin/uwsgi
*** WARNING: you are running uWSGI without its master process manager ***
your memory page size is 4096 bytes
detected max file descriptor number: 1024
lock engine: pthread mutexes
unlink(): Permission denied [socket.c line 75]
bind(): Address already in use [socket.c line 107]
*** Starting uWSGI 1.1.2 (64bit) on [Wed Apr 17 07:01:17 2013] ***
compiled with version: 4.4.5 on 29 March 2012 23:42:00
current working directory: /
detected binary path: /usr/local/bin/uwsgi
*** WARNING: you are running uWSGI without its master process manager ***
your memory page size is 4096 bytes
detected max file descriptor number: 1024
lock engine: pthread mutexes
unlink(): Permission denied [socket.c line 75]
bind(): Address already in use [socket.c line 107]
*** Starting uWSGI 1.1.2 (64bit) on [Thu Apr 18 19:30:17 2013] ***
compiled with version: 4.4.5 on 29 March 2012 23:42:00
current working directory: /
detected binary path: /usr/local/bin/uwsgi
*** WARNING: you are running uWSGI without its master process manager ***
your memory page size is 4096 bytes
detected max file descriptor number: 1024
lock engine: pthread mutexes
unlink(): Permission denied [socket.c line 75]
bind(): Address already in use [socket.c line 107]
*** Starting uWSGI 1.1.2 (64bit) on [Thu Apr 18 19:30:19 2013] ***
compiled with version: 4.4.5 on 29 March 2012 23:42:00
current working directory: /
detected binary path: /usr/local/bin/uwsgi
*** WARNING: you are running uWSGI without its master process manager ***
your memory page size is 4096 bytes
detected max file descriptor number: 1024
lock engine: pthread mutexes
unlink(): Permission denied [socket.c line 75]
bind(): Address already in use [socket.c line 107]
*** Starting uWSGI 1.1.2 (64bit) on [Thu Apr 18 19:30:21 2013] ***
compiled with version: 4.4.5 on 29 March 2012 23:42:00
current working directory: /
detected binary path: /usr/local/bin/uwsgi
*** WARNING: you are running uWSGI without its master process manager ***
your memory page size is 4096 bytes
detected max file descriptor number: 1024
lock engine: pthread mutexes
unlink(): Permission denied [socket.c line 75]
bind(): Address already in use [socket.c line 107]
*** Starting uWSGI 1.1.2 (64bit) on [Thu Apr 18 19:30:24 2013] ***
compiled with version: 4.4.5 on 29 March 2012 23:42:00
current working directory: /
detected binary path: /usr/local/bin/uwsgi
*** WARNING: you are running uWSGI without its master process manager ***
your memory page size is 4096 bytes
detected max file descriptor number: 1024
lock engine: pthread mutexes
unlink(): Permission denied [socket.c line 75]
bind(): Address already in use [socket.c line 107]
*** Starting uWSGI 1.1.2 (64bit) on [Wed May  1 12:04:50 2013] ***
compiled with version: 4.4.5 on 29 March 2012 23:42:00
current working directory: /
detected binary path: /usr/local/bin/uwsgi
*** WARNING: you are running uWSGI without its master process manager ***
your memory page size is 4096 bytes
detected max file descriptor number: 1024
lock engine: pthread mutexes
unlink(): Permission denied [socket.c line 75]
bind(): Address already in use [socket.c line 107]
*** Starting uWSGI 1.1.2 (64bit) on [Wed May  1 12:04:51 2013] ***
compiled with version: 4.4.5 on 29 March 2012 23:42:00
current working directory: /
detected binary path: /usr/local/bin/uwsgi
*** WARNING: you are running uWSGI without its master process manager ***
your memory page size is 4096 bytes
detected max file descriptor number: 1024
lock engine: pthread mutexes
unlink(): Permission denied [socket.c line 75]
bind(): Address already in use [socket.c line 107]
*** Starting uWSGI 1.1.2 (64bit) on [Wed May  1 12:04:53 2013] ***
compiled with version: 4.4.5 on 29 March 2012 23:42:00
current working directory: /
detected binary path: /usr/local/bin/uwsgi
*** WARNING: you are running uWSGI without its master process manager ***
your memory page size is 4096 bytes
detected max file descriptor number: 1024
lock engine: pthread mutexes
unlink(): Permission denied [socket.c line 75]
bind(): Address already in use [socket.c line 107]
*** Starting uWSGI 1.1.2 (64bit) on [Wed May  1 12:04:56 2013] ***
compiled with version: 4.4.5 on 29 March 2012 23:42:00
current working directory: /
detected binary path: /usr/local/bin/uwsgi
*** WARNING: you are running uWSGI without its master process manager ***
your memory page size is 4096 bytes
detected max file descriptor number: 1024
lock engine: pthread mutexes
unlink(): Permission denied [socket.c line 75]
bind(): Address already in use [socket.c line 107]
*** Starting uWSGI 1.1.2 (64bit) on [Tue May  7 19:50:35 2013] ***
compiled with version: 4.4.5 on 29 March 2012 23:42:00
current working directory: /
detected binary path: /usr/local/bin/uwsgi
*** WARNING: you are running uWSGI without its master process manager ***
your memory page size is 4096 bytes
detected max file descriptor number: 1024
lock engine: pthread mutexes
unlink(): Permission denied [socket.c line 75]
bind(): Address already in use [socket.c line 107]
*** Starting uWSGI 1.1.2 (64bit) on [Tue May  7 19:50:38 2013] ***
compiled with version: 4.4.5 on 29 March 2012 23:42:00
current working directory: /
detected binary path: /usr/local/bin/uwsgi
*** WARNING: you are running uWSGI without its master process manager ***
your memory page size is 4096 bytes
detected max file descriptor number: 1024
lock engine: pthread mutexes
unlink(): Permission denied [socket.c line 75]
bind(): Address already in use [socket.c line 107]
*** Starting uWSGI 1.1.2 (64bit) on [Tue May  7 19:50:40 2013] ***
compiled with version: 4.4.5 on 29 March 2012 23:42:00
current working directory: /
detected binary path: /usr/local/bin/uwsgi
*** WARNING: you are running uWSGI without its master process manager ***
your memory page size is 4096 bytes
detected max file descriptor number: 1024
lock engine: pthread mutexes
unlink(): Permission denied [socket.c line 75]
bind(): Address already in use [socket.c line 107]
*** Starting uWSGI 1.1.2 (64bit) on [Tue May  7 19:50:43 2013] ***
compiled with version: 4.4.5 on 29 March 2012 23:42:00
current working directory: /
detected binary path: /usr/local/bin/uwsgi
*** WARNING: you are running uWSGI without its master process manager ***
your memory page size is 4096 bytes
detected max file descriptor number: 1024
lock engine: pthread mutexes
unlink(): Permission denied [socket.c line 75]
bind(): Address already in use [socket.c line 107]
*** Starting uWSGI 1.1.2 (64bit) on [Tue May  7 21:16:35 2013] ***
compiled with version: 4.4.5 on 29 March 2012 23:42:00
current working directory: /
detected binary path: /usr/local/bin/uwsgi
*** WARNING: you are running uWSGI without its master process manager ***
your memory page size is 4096 bytes
detected max file descriptor number: 1024
lock engine: pthread mutexes
unlink(): Permission denied [socket.c line 75]
bind(): Address already in use [socket.c line 107]
*** Starting uWSGI 1.1.2 (64bit) on [Tue May  7 21:16:36 2013] ***
compiled with version: 4.4.5 on 29 March 2012 23:42:00
current working directory: /
detected binary path: /usr/local/bin/uwsgi
*** WARNING: you are running uWSGI without its master process manager ***
your memory page size is 4096 bytes
detected max file descriptor number: 1024
lock engine: pthread mutexes
unlink(): Permission denied [socket.c line 75]
bind(): Address already in use [socket.c line 107]
*** Starting uWSGI 1.1.2 (64bit) on [Tue May  7 21:16:38 2013] ***
compiled with version: 4.4.5 on 29 March 2012 23:42:00
current working directory: /
detected binary path: /usr/local/bin/uwsgi
*** WARNING: you are running uWSGI without its master process manager ***
your memory page size is 4096 bytes
detected max file descriptor number: 1024
lock engine: pthread mutexes
unlink(): Permission denied [socket.c line 75]
bind(): Address already in use [socket.c line 107]
*** Starting uWSGI 1.1.2 (64bit) on [Tue May  7 21:16:41 2013] ***
compiled with version: 4.4.5 on 29 March 2012 23:42:00
current working directory: /
detected binary path: /usr/local/bin/uwsgi
*** WARNING: you are running uWSGI without its master process manager ***
your memory page size is 4096 bytes
detected max file descriptor number: 1024
lock engine: pthread mutexes
unlink(): Permission denied [socket.c line 75]
bind(): Address already in use [socket.c line 107]
*** Starting uWSGI 1.1.2 (64bit) on [Wed May  8 04:24:41 2013] ***
compiled with version: 4.4.5 on 29 March 2012 23:42:00
current working directory: /
detected binary path: /usr/local/bin/uwsgi
*** WARNING: you are running uWSGI without its master process manager ***
your memory page size is 4096 bytes
detected max file descriptor number: 1024
lock engine: pthread mutexes
unlink(): Permission denied [socket.c line 75]
bind(): Address already in use [socket.c line 107]
*** Starting uWSGI 1.1.2 (64bit) on [Wed May  8 04:24:43 2013] ***
compiled with version: 4.4.5 on 29 March 2012 23:42:00
current working directory: /
detected binary path: /usr/local/bin/uwsgi
*** WARNING: you are running uWSGI without its master process manager ***
your memory page size is 4096 bytes
detected max file descriptor number: 1024
lock engine: pthread mutexes
unlink(): Permission denied [socket.c line 75]
bind(): Address already in use [socket.c line 107]
*** Starting uWSGI 1.1.2 (64bit) on [Wed May  8 04:24:45 2013] ***
compiled with version: 4.4.5 on 29 March 2012 23:42:00
current working directory: /
detected binary path: /usr/local/bin/uwsgi
*** WARNING: you are running uWSGI without its master process manager ***
your memory page size is 4096 bytes
detected max file descriptor number: 1024
lock engine: pthread mutexes
unlink(): Permission denied [socket.c line 75]
bind(): Address already in use [socket.c line 107]
*** Starting uWSGI 1.1.2 (64bit) on [Wed May  8 04:24:48 2013] ***
compiled with version: 4.4.5 on 29 March 2012 23:42:00
current working directory: /
detected binary path: /usr/local/bin/uwsgi
*** WARNING: you are running uWSGI without its master process manager ***
your memory page size is 4096 bytes
detected max file descriptor number: 1024
lock engine: pthread mutexes
unlink(): Permission denied [socket.c line 75]
bind(): Address already in use [socket.c line 107]
*** Starting uWSGI 1.1.2 (64bit) on [Wed May  8 05:57:39 2013] ***
compiled with version: 4.4.5 on 29 March 2012 23:42:00
current working directory: /
detected binary path: /usr/local/bin/uwsgi
*** WARNING: you are running uWSGI without its master process manager ***
your memory page size is 4096 bytes
detected max file descriptor number: 1024
lock engine: pthread mutexes
unlink(): Permission denied [socket.c line 75]
bind(): Address already in use [socket.c line 107]
*** Starting uWSGI 1.1.2 (64bit) on [Wed May  8 05:57:40 2013] ***
compiled with version: 4.4.5 on 29 March 2012 23:42:00
current working directory: /
detected binary path: /usr/local/bin/uwsgi
*** WARNING: you are running uWSGI without its master process manager ***
your memory page size is 4096 bytes
detected max file descriptor number: 1024
lock engine: pthread mutexes
unlink(): Permission denied [socket.c line 75]
bind(): Address already in use [socket.c line 107]
*** Starting uWSGI 1.1.2 (64bit) on [Wed May  8 05:57:42 2013] ***
compiled with version: 4.4.5 on 29 March 2012 23:42:00
current working directory: /
detected binary path: /usr/local/bin/uwsgi
*** WARNING: you are running uWSGI without its master process manager ***
your memory page size is 4096 bytes
detected max file descriptor number: 1024
lock engine: pthread mutexes
unlink(): Permission denied [socket.c line 75]
bind(): Address already in use [socket.c line 107]
*** Starting uWSGI 1.1.2 (64bit) on [Wed May  8 05:57:45 2013] ***
compiled with version: 4.4.5 on 29 March 2012 23:42:00
current working directory: /
detected binary path: /usr/local/bin/uwsgi
*** WARNING: you are running uWSGI without its master process manager ***
your memory page size is 4096 bytes
detected max file descriptor number: 1024
lock engine: pthread mutexes
unlink(): Permission denied [socket.c line 75]
bind(): Address already in use [socket.c line 107]
*** Starting uWSGI 1.1.2 (64bit) on [Wed May 15 03:08:55 2013] ***
compiled with version: 4.4.5 on 29 March 2012 23:42:00
current working directory: /
detected binary path: /usr/local/bin/uwsgi
*** WARNING: you are running uWSGI without its master process manager ***
your memory page size is 4096 bytes
detected max file descriptor number: 1024
lock engine: pthread mutexes
unlink(): Permission denied [socket.c line 75]
bind(): Address already in use [socket.c line 107]
*** Starting uWSGI 1.1.2 (64bit) on [Wed May 15 03:08:57 2013] ***
compiled with version: 4.4.5 on 29 March 2012 23:42:00
current working directory: /
detected binary path: /usr/local/bin/uwsgi
*** WARNING: you are running uWSGI without its master process manager ***
your memory page size is 4096 bytes
detected max file descriptor number: 1024
lock engine: pthread mutexes
unlink(): Permission denied [socket.c line 75]
bind(): Address already in use [socket.c line 107]
*** Starting uWSGI 1.1.2 (64bit) on [Wed May 15 03:08:59 2013] ***
compiled with version: 4.4.5 on 29 March 2012 23:42:00
current working directory: /
detected binary path: /usr/local/bin/uwsgi
*** WARNING: you are running uWSGI without its master process manager ***
your memory page size is 4096 bytes
detected max file descriptor number: 1024
lock engine: pthread mutexes
unlink(): Permission denied [socket.c line 75]
bind(): Address already in use [socket.c line 107]
*** Starting uWSGI 1.1.2 (64bit) on [Wed May 15 03:09:02 2013] ***
compiled with version: 4.4.5 on 29 March 2012 23:42:00
current working directory: /
detected binary path: /usr/local/bin/uwsgi
*** WARNING: you are running uWSGI without its master process manager ***
your memory page size is 4096 bytes
detected max file descriptor number: 1024
lock engine: pthread mutexes
unlink(): Permission denied [socket.c line 75]
bind(): Address already in use [socket.c line 107]
*** Starting uWSGI 1.1.2 (64bit) on [Thu May 16 07:45:41 2013] ***
compiled with version: 4.4.5 on 29 March 2012 23:42:00
current working directory: /
detected binary path: /usr/local/bin/uwsgi
*** WARNING: you are running uWSGI without its master process manager ***
your memory page size is 4096 bytes
detected max file descriptor number: 1024
lock engine: pthread mutexes
unlink(): Permission denied [socket.c line 75]
bind(): Address already in use [socket.c line 107]
*** Starting uWSGI 1.1.2 (64bit) on [Thu May 16 07:45:42 2013] ***
compiled with version: 4.4.5 on 29 March 2012 23:42:00
current working directory: /
detected binary path: /usr/local/bin/uwsgi
*** WARNING: you are running uWSGI without its master process manager ***
your memory page size is 4096 bytes
detected max file descriptor number: 1024
lock engine: pthread mutexes
unlink(): Permission denied [socket.c line 75]
bind(): Address already in use [socket.c line 107]
*** Starting uWSGI 1.1.2 (64bit) on [Thu May 16 07:45:44 2013] ***
compiled with version: 4.4.5 on 29 March 2012 23:42:00
current working directory: /
detected binary path: /usr/local/bin/uwsgi
*** WARNING: you are running uWSGI without its master process manager ***
your memory page size is 4096 bytes
detected max file descriptor number: 1024
lock engine: pthread mutexes
unlink(): Permission denied [socket.c line 75]
bind(): Address already in use [socket.c line 107]
*** Starting uWSGI 1.1.2 (64bit) on [Thu May 16 07:45:48 2013] ***
compiled with version: 4.4.5 on 29 March 2012 23:42:00
current working directory: /
detected binary path: /usr/local/bin/uwsgi
*** WARNING: you are running uWSGI without its master process manager ***
your memory page size is 4096 bytes
detected max file descriptor number: 1024
lock engine: pthread mutexes
unlink(): Permission denied [socket.c line 75]
bind(): Address already in use [socket.c line 107]
*** Starting uWSGI 1.1.2 (64bit) on [Thu May 16 07:58:29 2013] ***
compiled with version: 4.4.5 on 29 March 2012 23:42:00
current working directory: /
detected binary path: /usr/local/bin/uwsgi
*** WARNING: you are running uWSGI without its master process manager ***
your memory page size is 4096 bytes
detected max file descriptor number: 1024
lock engine: pthread mutexes
unlink(): Permission denied [socket.c line 75]
bind(): Address already in use [socket.c line 107]
*** Starting uWSGI 1.1.2 (64bit) on [Thu May 16 07:58:30 2013] ***
compiled with version: 4.4.5 on 29 March 2012 23:42:00
current working directory: /
detected binary path: /usr/local/bin/uwsgi
*** WARNING: you are running uWSGI without its master process manager ***
your memory page size is 4096 bytes
detected max file descriptor number: 1024
lock engine: pthread mutexes
unlink(): Permission denied [socket.c line 75]
bind(): Address already in use [socket.c line 107]
*** Starting uWSGI 1.1.2 (64bit) on [Thu May 16 07:58:32 2013] ***
compiled with version: 4.4.5 on 29 March 2012 23:42:00
current working directory: /
detected binary path: /usr/local/bin/uwsgi
*** WARNING: you are running uWSGI without its master process manager ***
your memory page size is 4096 bytes
detected max file descriptor number: 1024
lock engine: pthread mutexes
unlink(): Permission denied [socket.c line 75]
bind(): Address already in use [socket.c line 107]
*** Starting uWSGI 1.1.2 (64bit) on [Thu May 16 07:58:35 2013] ***
compiled with version: 4.4.5 on 29 March 2012 23:42:00
current working directory: /
detected binary path: /usr/local/bin/uwsgi
*** WARNING: you are running uWSGI without its master process manager ***
your memory page size is 4096 bytes
detected max file descriptor number: 1024
lock engine: pthread mutexes
unlink(): Permission denied [socket.c line 75]
bind(): Address already in use [socket.c line 107]
